<?xml version="1.0" encoding="UTF-8"?>
<!-- Generated by org.testng.reporters.JUnitReportReporter -->
<testsuite skipped="0" hostname="IBM-Testing01" name="Test_Case2" tests="2" failures="0" timestamp="27 Dec 2019 10:01:22 GMT" time="4.089" errors="0">
  <testcase name="Test" time="0.736" classname="Test_Case2"/>
  <testcase name="personal" time="3.353" classname="Test_Case2"/>
</testsuite> <!-- Test_Case2 -->
